WARNING:werkzeug: * Debugger is active!
INFO:werkzeug: * Debugger PIN: 111-419-769
INFO:werkzeug: * Detected change in 'E:\\view\\cvlabs\\typhoon\\web-typhoon\\web_vue\\app.py', reloading
WARNING:werkzeug: * Debugger is active!
INFO:werkzeug: * Debugger PIN: 111-419-769
INFO:werkzeug:127.0.0.1 - - [15/Jul/2023 17:42:04] "[35m[1mGET /chuli HTTP/1.1[0m" 500 -
INFO:werkzeug: * Detected change in 'E:\\view\\cvlabs\\typhoon\\web-typhoon\\web_vue\\app.py', reloading
WARNING:werkzeug: * Debugger is active!
INFO:werkzeug: * Debugger PIN: 111-419-769
INFO:werkzeug: * Detected change in 'E:\\view\\cvlabs\\typhoon\\web-typhoon\\web_vue\\app.py', reloading
WARNING:werkzeug: * Debugger is active!
INFO:werkzeug: * Debugger PIN: 111-419-769
INFO:werkzeug: * Detected change in 'E:\\view\\cvlabs\\typhoon\\web-typhoon\\web_vue\\app.py', reloading
WARNING:werkzeug: * Debugger is active!
INFO:werkzeug: * Debugger PIN: 111-419-769
INFO:werkzeug: * Detected change in 'E:\\view\\cvlabs\\typhoon\\web-typhoon\\web_vue\\app.py', reloading
WARNING:werkzeug: * Debugger is active!
INFO:werkzeug: * Debugger PIN: 111-419-769
INFO:werkzeug: * Detected change in 'E:\\view\\cvlabs\\typhoon\\web-typhoon\\web_vue\\app.py', reloading
WARNING:werkzeug: * Debugger is active!
INFO:werkzeug: * Debugger PIN: 111-419-769
INFO:werkzeug: * Detected change in 'E:\\view\\cvlabs\\typhoon\\web-typhoon\\web_vue\\app.py', reloading
WARNING:werkzeug: * Debugger is active!
INFO:werkzeug: * Debugger PIN: 111-419-769
INFO:werkzeug: * Detected change in 'E:\\view\\cvlabs\\typhoon\\web-typhoon\\web_vue\\app.py', reloading
WARNING:werkzeug: * Debugger is active!
INFO:werkzeug: * Debugger PIN: 111-419-769
INFO:werkzeug: * Detected change in 'E:\\view\\cvlabs\\typhoon\\web-typhoon\\web_vue\\app.py', reloading
WARNING:werkzeug: * Debugger is active!
INFO:werkzeug: * Debugger PIN: 111-419-769
INFO:werkzeug: * Detected change in 'E:\\view\\cvlabs\\typhoon\\web-typhoon\\web_vue\\utils\\dataset.py', reloading
WARNING:werkzeug: * Debugger is active!
INFO:werkzeug: * Debugger PIN: 111-419-769
INFO:werkzeug: * Detected change in 'E:\\view\\cvlabs\\typhoon\\web-typhoon\\web_vue\\utils\\dataset.py', reloading
WARNING:werkzeug: * Debugger is active!
INFO:werkzeug: * Debugger PIN: 111-419-769
INFO:werkzeug: * Detected change in 'E:\\view\\cvlabs\\typhoon\\web-typhoon\\web_vue\\utils\\dataset.py', reloading
WARNING:werkzeug: * Debugger is active!
INFO:werkzeug: * Debugger PIN: 111-419-769
INFO:werkzeug: * Detected change in 'E:\\view\\cvlabs\\typhoon\\web-typhoon\\web_vue\\utils\\dataset.py', reloading
WARNING:werkzeug: * Debugger is active!
INFO:werkzeug: * Debugger PIN: 111-419-769
INFO:werkzeug: * Detected change in 'E:\\view\\cvlabs\\typhoon\\web-typhoon\\web_vue\\utils\\dataset.py', reloading
WARNING:werkzeug: * Debugger is active!
INFO:werkzeug: * Debugger PIN: 111-419-769
INFO:werkzeug: * Detected change in 'E:\\view\\cvlabs\\typhoon\\web-typhoon\\web_vue\\utils\\dataset.py', reloading
WARNING:werkzeug: * Debugger is active!
INFO:werkzeug: * Debugger PIN: 111-419-769
INFO:werkzeug: * Detected change in 'E:\\view\\cvlabs\\typhoon\\web-typhoon\\web_vue\\app.py', reloading
INFO:werkzeug:[31m[1mWARNING: This is a development server. Do not use it in a production deployment. Use a production WSGI server instead.[0m
 * Running on all addresses (0.0.0.0)
 * Running on http://127.0.0.1:5000
 * Running on http://192.168.3.70:5000
INFO:werkzeug:[33mPress CTRL+C to quit[0m
INFO:werkzeug: * Restarting with stat
WARNING:werkzeug: * Debugger is active!
INFO:werkzeug: * Debugger PIN: 111-419-769
INFO:werkzeug:127.0.0.1 - - [15/Jul/2023 18:33:21] "[35m[1mGET /chuli HTTP/1.1[0m" 500 -
INFO:werkzeug:[31m[1mWARNING: This is a development server. Do not use it in a production deployment. Use a production WSGI server instead.[0m
 * Running on all addresses (0.0.0.0)
 * Running on http://127.0.0.1:5000
 * Running on http://192.168.3.70:5000
INFO:werkzeug:[33mPress CTRL+C to quit[0m
INFO:werkzeug: * Restarting with stat
WARNING:werkzeug: * Debugger is active!
INFO:werkzeug: * Debugger PIN: 111-419-769
INFO:werkzeug: * Detected change in 'E:\\view\\cvlabs\\typhoon\\web-typhoon\\web_vue\\model\\loadpkl.py', reloading
INFO:werkzeug: * Restarting with stat
WARNING:werkzeug: * Debugger is active!
INFO:werkzeug: * Debugger PIN: 111-419-769
INFO:werkzeug: * Detected change in 'E:\\view\\cvlabs\\typhoon\\web-typhoon\\web_vue\\model\\loadpkl.py', reloading
INFO:werkzeug: * Restarting with stat
WARNING:werkzeug: * Debugger is active!
INFO:werkzeug: * Debugger PIN: 111-419-769
INFO:werkzeug: * Detected change in 'E:\\view\\cvlabs\\typhoon\\web-typhoon\\web_vue\\model\\loadpkl.py', reloading
INFO:werkzeug: * Restarting with stat
WARNING:werkzeug: * Debugger is active!
INFO:werkzeug: * Debugger PIN: 111-419-769
INFO:werkzeug: * Detected change in 'E:\\view\\cvlabs\\typhoon\\web-typhoon\\web_vue\\model\\loadpkl.py', reloading
INFO:werkzeug: * Restarting with stat
WARNING:werkzeug: * Debugger is active!
INFO:werkzeug: * Debugger PIN: 111-419-769
INFO:werkzeug:[31m[1mWARNING: This is a development server. Do not use it in a production deployment. Use a production WSGI server instead.[0m
 * Running on all addresses (0.0.0.0)
 * Running on http://127.0.0.1:5000
 * Running on http://192.168.3.70:5000
INFO:werkzeug:[33mPress CTRL+C to quit[0m
INFO:werkzeug: * Restarting with stat
WARNING:werkzeug: * Debugger is active!
INFO:werkzeug: * Debugger PIN: 111-419-769
INFO:werkzeug: * Detected change in 'E:\\view\\cvlabs\\typhoon\\web-typhoon\\web_vue\\app.py', reloading
INFO:werkzeug: * Restarting with stat
WARNING:werkzeug: * Debugger is active!
INFO:werkzeug: * Debugger PIN: 111-419-769
INFO:werkzeug:[31m[1mWARNING: This is a development server. Do not use it in a production deployment. Use a production WSGI server instead.[0m
 * Running on all addresses (0.0.0.0)
 * Running on http://127.0.0.1:5000
 * Running on http://192.168.3.70:5000
INFO:werkzeug:[33mPress CTRL+C to quit[0m
INFO:werkzeug: * Restarting with stat
WARNING:werkzeug: * Debugger is active!
INFO:werkzeug: * Debugger PIN: 111-419-769
INFO:werkzeug:127.0.0.1 - - [15/Jul/2023 18:50:16] "[35m[1mGET /chuli HTTP/1.1[0m" 500 -
INFO:werkzeug:127.0.0.1 - - [15/Jul/2023 19:30:36] "[35m[1mGET /chuli HTTP/1.1[0m" 500 -
INFO:werkzeug:127.0.0.1 - - [15/Jul/2023 19:30:50] "[35m[1mGET /chuli HTTP/1.1[0m" 500 -
INFO:werkzeug:[31m[1mWARNING: This is a development server. Do not use it in a production deployment. Use a production WSGI server instead.[0m
 * Running on all addresses (0.0.0.0)
 * Running on http://127.0.0.1:5000
 * Running on http://192.168.3.70:5000
INFO:werkzeug:[33mPress CTRL+C to quit[0m
INFO:werkzeug: * Restarting with stat
WARNING:werkzeug: * Debugger is active!
INFO:werkzeug: * Debugger PIN: 111-419-769
INFO:werkzeug:127.0.0.1 - - [15/Jul/2023 19:33:28] "[35m[1mGET /chuli HTTP/1.1[0m" 500 -
INFO:werkzeug:127.0.0.1 - - [15/Jul/2023 19:33:36] "[35m[1mGET /chuli HTTP/1.1[0m" 500 -
INFO:werkzeug: * Detected change in 'E:\\view\\cvlabs\\typhoon\\web-typhoon\\web_vue\\app.py', reloading
INFO:werkzeug: * Restarting with stat
WARNING:werkzeug: * Debugger is active!
INFO:werkzeug: * Debugger PIN: 111-419-769
INFO:werkzeug: * Detected change in 'E:\\view\\cvlabs\\typhoon\\web-typhoon\\web_vue\\app.py', reloading
INFO:werkzeug: * Restarting with stat
WARNING:werkzeug: * Debugger is active!
INFO:werkzeug: * Debugger PIN: 111-419-769
INFO:werkzeug: * Detected change in 'E:\\view\\cvlabs\\typhoon\\web-typhoon\\web_vue\\app.py', reloading
INFO:werkzeug: * Restarting with stat
